<?xml version="1.0" encoding="UTF-8"?>
<!-- Generated by org.testng.reporters.JUnitReportReporter -->
<testsuite hostname="LAPTOP-V19FAJJO" failures="0" tests="1" name="com.automationpractice.test.RegressionTest" time="87.713" errors="0" timestamp="2021-01-14T18:16:37 MST" skipped="0">
  <testcase classname="com.automationpractice.test.RegressionTest" name="ShoppingPageCheckoutFunctionalityTest" time="87.713"/>
  <system-out/>
</testsuite> <!-- com.automationpractice.test.RegressionTest -->
