<?xml version="1.0" encoding="UTF-8"?>
<!-- Generated by org.testng.reporters.JUnitReportReporter -->
<testsuite hostname="LAPTOP-V19FAJJO" failures="0" tests="1" name="com.automation.test.RegressionTest" time="107.088" errors="0" timestamp="2021-01-20T14:22:26 MST" skipped="0">
  <testcase classname="com.automation.test.RegressionTest" name="ShoppingCartTest" time="107.088"/>
  <system-out/>
</testsuite> <!-- com.automation.test.RegressionTest -->
