<?xml version="1.0" encoding="UTF-8"?>
<!-- Generated by org.testng.reporters.JUnitReportReporter -->
<testsuite hostname="LAPTOP-V19FAJJO" failures="0" tests="1" name="com.upgrade.test.CodingChallengeRegressionTest" time="79.321" errors="0" timestamp="2021-01-11T23:55:58 MST" skipped="0">
  <testcase classname="com.upgrade.test.CodingChallengeRegressionTest" name="validatingFunctionality" time="79.321"/>
  <system-out/>
</testsuite> <!-- com.upgrade.test.CodingChallengeRegressionTest -->
